# JRE version: Java(TM) SE Runtime Environment (17.0.9+11) (build 17.0.9+11-LTS-201)
# Java VM: Java HotSpot(TM) 64-Bit Server VM (17.0.9+11-LTS-201, mixed mode, sharing, tiered, compressed oops, compressed class ptrs, g1 gc, windows-amd64)
GC Precious Log:
 CPUs: 8 total, 8 available
 Memory: 5877M
 Large Page Support: Disabled
 NUMA Support: Disabled
 Compressed Oops: Enabled (32-bit)
 Heap Region Size: 1M
 Heap Min Capacity: 8M
 Heap Initial Capacity: 92M
 Heap Max Capacity: 1470M
 Pre-touch: Disabled
 Parallel Workers: 8
 Concurrent Workers: 2
 Concurrent Refinement Workers: 8
 Periodic GC: Disabled
Heap:
 garbage-first heap   total 89088K, used 56232K [0x00000000a4200000, 0x0000000100000000)
  region size 1024K, 3 young (3072K), 3 survivors (3072K)
 Metaspace       used 43625K, committed 43968K, reserved 1114112K
  class space    used 5161K, committed 5312K, reserved 1048576K
GC Heap History (20 events):
Event: 2.312 GC heap after
{Heap after GC invocations=2 (full 0):
 garbage-first heap   total 94208K, used 17266K [0x00000000a4200000, 0x0000000100000000)
  region size 1024K, 3 young (3072K), 3 survivors (3072K)
 Metaspace       used 16920K, committed 17216K, reserved 1114112K
  class space    used 2229K, committed 2368K, reserved 1048576K
}
Event: 2.819 GC heap before
{Heap before GC invocations=2 (full 0):
 garbage-first heap   total 94208K, used 71538K [0x00000000a4200000, 0x0000000100000000)
  region size 1024K, 52 young (53248K), 3 survivors (3072K)
 Metaspace       used 17416K, committed 17600K, reserved 1114112K
  class space    used 2264K, committed 2368K, reserved 1048576K
}
Event: 2.862 GC heap after
{Heap after GC invocations=3 (full 0):
 garbage-first heap   total 94208K, used 23243K [0x00000000a4200000, 0x0000000100000000)
  region size 1024K, 7 young (7168K), 7 survivors (7168K)
 Metaspace       used 17416K, committed 17600K, reserved 1114112K
  class space    used 2264K, committed 2368K, reserved 1048576K
}
Event: 3.459 GC heap before
{Heap before GC invocations=3 (full 0):
 garbage-first heap   total 94208K, used 36555K [0x00000000a4200000, 0x0000000100000000)
  region size 1024K, 21 young (21504K), 7 survivors (7168K)
 Metaspace       used 21316K, committed 21504K, reserved 1114112K
  class space    used 2897K, committed 3008K, reserved 1048576K
}
Event: 3.473 GC heap after
{Heap after GC invocations=4 (full 0):
 garbage-first heap   total 94208K, used 25088K [0x00000000a4200000, 0x0000000100000000)
  region size 1024K, 2 young (2048K), 2 survivors (2048K)
 Metaspace       used 21316K, committed 21504K, reserved 1114112K
  class space    used 2897K, committed 3008K, reserved 1048576K
}
Event: 4.830 GC heap before
{Heap before GC invocations=5 (full 0):
 garbage-first heap   total 89088K, used 76288K [0x00000000a4200000, 0x0000000100000000)
  region size 1024K, 41 young (41984K), 2 survivors (2048K)
 Metaspace       used 28383K, committed 28608K, reserved 1114112K
  class space    used 3574K, committed 3648K, reserved 1048576K
}
Event: 4.842 GC heap after
{Heap after GC invocations=6 (full 0):
 garbage-first heap   total 89088K, used 41984K [0x00000000a4200000, 0x0000000100000000)
  region size 1024K, 6 young (6144K), 6 survivors (6144K)
 Metaspace       used 28383K, committed 28608K, reserved 1114112K
  class space    used 3574K, committed 3648K, reserved 1048576K
}
Event: 4.872 GC heap before
{Heap before GC invocations=6 (full 0):
 garbage-first heap   total 89088K, used 43008K [0x00000000a4200000, 0x0000000100000000)
  region size 1024K, 7 young (7168K), 6 survivors (6144K)
 Metaspace       used 28539K, committed 28800K, reserved 1114112K
  class space    used 3591K, committed 3712K, reserved 1048576K
}
Event: 4.888 GC heap after
{Heap after GC invocations=7 (full 0):
 garbage-first heap   total 89088K, used 42676K [0x00000000a4200000, 0x0000000100000000)
  region size 1024K, 1 young (1024K), 1 survivors (1024K)
 Metaspace       used 28539K, committed 28800K, reserved 1114112K
  class space    used 3591K, committed 3712K, reserved 1048576K
}
Event: 6.196 GC heap before
{Heap before GC invocations=7 (full 0):
 garbage-first heap   total 89088K, used 67252K [0x00000000a4200000, 0x0000000100000000)
  region size 1024K, 26 young (26624K), 1 survivors (1024K)
 Metaspace       used 34263K, committed 34496K, reserved 1114112K
  class space    used 4244K, committed 4352K, reserved 1048576K
}
Event: 6.207 GC heap after
{Heap after GC invocations=8 (full 0):
 garbage-first heap   total 89088K, used 44967K [0x00000000a4200000, 0x0000000100000000)
  region size 1024K, 4 young (4096K), 4 survivors (4096K)
 Metaspace       used 34263K, committed 34496K, reserved 1114112K
  class space    used 4244K, committed 4352K, reserved 1048576K
}
Event: 6.408 GC heap before
{Heap before GC invocations=9 (full 0):
 garbage-first heap   total 89088K, used 49063K [0x00000000a4200000, 0x0000000100000000)
  region size 1024K, 9 young (9216K), 4 survivors (4096K)
 Metaspace       used 35133K, committed 35328K, reserved 1114112K
  class space    used 4352K, committed 4416K, reserved 1048576K
}
Event: 6.415 GC heap after
{Heap after GC invocations=10 (full 0):
 garbage-first heap   total 89088K, used 45795K [0x00000000a4200000, 0x0000000100000000)
  region size 1024K, 1 young (1024K), 1 survivors (1024K)
 Metaspace       used 35133K, committed 35328K, reserved 1114112K
  class space    used 4352K, committed 4416K, reserved 1048576K
}
Event: 6.597 GC heap before
{Heap before GC invocations=11 (full 0):
 garbage-first heap   total 89088K, used 70371K [0x00000000a4200000, 0x0000000100000000)
  region size 1024K, 25 young (25600K), 1 survivors (1024K)
 Metaspace       used 35252K, committed 35456K, reserved 1114112K
  class space    used 4352K, committed 4416K, reserved 1048576K
}
Event: 6.601 GC heap after
{Heap after GC invocations=12 (full 0):
 garbage-first heap   total 89088K, used 46564K [0x00000000a4200000, 0x0000000100000000)
  region size 1024K, 2 young (2048K), 2 survivors (2048K)
 Metaspace       used 35252K, committed 35456K, reserved 1114112K
  class space    used 4352K, committed 4416K, reserved 1048576K
}
Event: 7.494 GC heap before
{Heap before GC invocations=12 (full 0):
 garbage-first heap   total 89088K, used 70116K [0x00000000a4200000, 0x0000000100000000)
  region size 1024K, 26 young (26624K), 2 survivors (2048K)
 Metaspace       used 40211K, committed 40512K, reserved 1114112K
  class space    used 4946K, committed 5120K, reserved 1048576K
}
Event: 7.501 GC heap after
{Heap after GC invocations=13 (full 0):
 garbage-first heap   total 89088K, used 48016K [0x00000000a4200000, 0x0000000100000000)
  region size 1024K, 3 young (3072K), 3 survivors (3072K)
 Metaspace       used 40211K, committed 40512K, reserved 1114112K
  class space    used 4946K, committed 5120K, reserved 1048576K
}
Event: 8.808 GC heap before
{Heap before GC invocations=14 (full 0):
 garbage-first heap   total 89088K, used 71568K [0x00000000a4200000, 0x0000000100000000)
  region size 1024K, 27 young (27648K), 3 survivors (3072K)
 Metaspace       used 42859K, committed 43200K, reserved 1114112K
  class space    used 5138K, committed 5312K, reserved 1048576K
}
Event: 8.824 GC heap after
{Heap after GC invocations=15 (full 0):
 garbage-first heap   total 89088K, used 52999K [0x00000000a4200000, 0x0000000100000000)
  region size 1024K, 4 young (4096K), 4 survivors (4096K)
 Metaspace       used 42859K, committed 43200K, reserved 1114112K
  class space    used 5138K, committed 5312K, reserved 1048576K
}
Event: 9.643 GC heap before
{Heap before GC invocations=15 (full 0):
 garbage-first heap   total 89088K, used 71431K [0x00000000a4200000, 0x0000000100000000)
  region size 1024K, 22 young (22528K), 4 survivors (4096K)
 Metaspace       used 43625K, committed 43968K, reserved 1114112K
  class space    used 5161K, committed 5312K, reserved 1048576K
}

